Arguments: 
  C:\Program Files\nodejs\node.exe C:\Program Files (x86)\Yarn\bin\yarn.js add nodemon

PATH: 
  C:\Users\user\bin;C:\Program Files\Git\mingw64\bin;C:\Program Files\Git\usr\local\bin;C:\Program Files\Git\usr\bin;C:\Program Files\Git\usr\bin;C:\Program Files\Git\mingw64\bin;C:\Program Files\Git\usr\bin;C:\Users\user\bin;C:\Windows\system32;C:\Windows;C:\Windows\System32\Wbem;C:\Windows\System32\WindowsPowerShell\v1.0;C:\Windows\System32\OpenSSH;C:\Program Files\Intel\WiFi\bin;C:\Program Files\Common Files\Intel\WirelessCommon;C:\Program Files (x86)\Intel\Intel(R) Management Engine Components\DAL;C:\Program Files\Intel\Intel(R) Management Engine Components\DAL;C:\Program Files (x86)\Yarn\bin;C:\Program Files\Git\cmd;C:\Program Files\nodejs;C:\Users\user\AppData\Local\Microsoft\WindowsApps;C:\Program Files\Intel\WiFi\bin;C:\Program Files\Common Files\Intel\WirelessCommon;C:\Users\user\AppData\Local\Yarn\bin;C:\Program Files\heroku\bin;C:\Users\user\AppData\Local\Programs\Microsoft VS Code\bin;C:\Users\user\AppData\Roaming\npm;C:\Program Files\Git\usr\bin\vendor_perl;C:\Program Files\Git\usr\bin\core_perl

Yarn version: 
  1.22.5

Node version: 
  14.16.0

Platform: 
  win32 x64

Trace: 
  SyntaxError: E:\Web Projects\Nodejs Projects\ramazan_taqvim_server\package.json: Unexpected token < in JSON at position 2
      at JSON.parse (<anonymous>)
      at C:\Program Files (x86)\Yarn\lib\cli.js:1625:59
      at Generator.next (<anonymous>)
      at step (C:\Program Files (x86)\Yarn\lib\cli.js:310:30)
      at C:\Program Files (x86)\Yarn\lib\cli.js:321:13

npm manifest: 
  {
  <<<<<<< HEAD
      "name": "Ramazan_taqvim_server",
      "version": "1.0.0",
      "description": "",
      "main": "index.js",
      "scripts": {
          "start": "nodemon app.js"
      },
      "keywords": [],
      "author": "",
      "license": "ISC",
      "dependencies": {
          "axios": "^0.21.1",
          "dotenv": "^8.2.0",
          "express": "^4.17.1",
          "mongoose": "^5.11.18"
      }
  =======
    "name": "Ramazan_taqvim_server",
    "version": "1.0.0",
    "description": "",
    "main": "index.js",
    "scripts": {
        "start": "node app.js"
    },
    "keywords": [],
    "author": "",
    "license": "ISC",
    "dependencies": {
        "axios": "^0.21.1",
        "dotenv": "^8.2.0",
        "express": "^4.17.1",
        "mongoose": "^5.11.18"
    }
  >>>>>>> eda04220e71267469054f41dbf03beee4130f2a4
  }

yarn manifest: 
  No manifest

Lockfile: 
  No lockfile
